<?xml version="1.0" encoding="UTF-8"?>
<!-- Generated by org.testng.reporters.JUnitReportReporter -->
<testsuite skipped="0" hostname="LAPTOP-9NSMJCFA" name="playingVideo.App" tests="1" failures="0" timestamp="2020-09-05T20:14:43 IST" time="79.006" errors="0">
  <testcase name="letsee" time="79.006" classname="playingVideo.App"/>
  <system-out/>
</testsuite> <!-- playingVideo.App -->
