<?xml version="1.0" encoding="UTF-8"?>
<!-- Generated by org.testng.reporters.JUnitReportReporter -->
<testsuite skipped="0" hostname="LAPTOP-9NSMJCFA" name="playingVideo.StartAndStopServer" tests="1" failures="0" timestamp="2020-09-07T16:21:37 IST" time="10.009" errors="0">
  <testcase name="server" time="10.009" classname="playingVideo.StartAndStopServer"/>
  <system-out/>
</testsuite> <!-- playingVideo.StartAndStopServer -->
