<?xml version="1.0" encoding="UTF-8"?>
<!-- Generated by org.testng.reporters.JUnitReportReporter -->
<testsuite skipped="0" hostname="LAPTOP-9NSMJCFA" name="playingVideo.YoutubeWatchAndCloseVideo" tests="1" failures="0" timestamp="2020-09-07T20:22:08 IST" time="65.221" errors="0">
  <testcase name="letsee" time="65.221" classname="playingVideo.YoutubeWatchAndCloseVideo"/>
  <system-out/>
</testsuite> <!-- playingVideo.YoutubeWatchAndCloseVideo -->
