<?xml version="1.0" encoding="UTF-8"?>
<!-- Generated by org.testng.reporters.JUnitReportReporter -->
<testsuite hostname="LAPTOP-9NSMJCFA" name="playingVideo.YoutubeWatchAndCloseVideo" tests="1" failures="0" timestamp="7 Sep 2020 16:31:36 GMT" time="70.934" errors="0">
  <testcase name="letsee" time="70.934" classname="playingVideo.YoutubeWatchAndCloseVideo"/>
</testsuite> <!-- playingVideo.YoutubeWatchAndCloseVideo -->
